<?xml version="1.0" encoding="UTF-8"?>
<!-- Generated by org.testng.reporters.JUnitReportReporter -->
<testsuite hostname="DESKTOP-3L8DLVH" failures="0" tests="5" name="package14.Assessment1" time="35.368" errors="0" timestamp="2023-03-10T02:18:30 IST" skipped="0">
  <testcase classname="package14.Assessment1" name="login_test" time="7.065"/>
  <system-out>
    <![CDATA[Login Successful
List is Sorted
 Test passed: login_test]]>
  </system-out>
  <testcase classname="package14.Assessment1" name="login_test" time="8.071"/>
  <system-out>
    <![CDATA[Login Failed
 Test passed: login_test]]>
  </system-out>
  <testcase classname="package14.Assessment1" name="login_test" time="6.748"/>
  <system-out>
    <![CDATA[Login Failed
 Test passed: login_test]]>
  </system-out>
  <testcase classname="package14.Assessment1" name="login_test" time="6.328"/>
  <system-out>
    <![CDATA[Login Failed
 Test passed: login_test]]>
  </system-out>
  <testcase classname="package14.Assessment1" name="page2" time="7.156"/>
  <system-out>
    <![CDATA[List is Sorted
 Test passed: page2]]>
  </system-out>
</testsuite> <!-- package14.Assessment1 -->
